Build started 12/13/2015 9:21:09 PM.
     1>Project "C:\Users\Kimberlee Phan\documents\visual studio 2012\Projects\Chapter2_PA\Chapter2_PA\Chapter2_PA.vcxproj" on node 2 (Build target(s)).
     1>ClCompile:
         C:\Program Files (x86)\Microsoft Visual Studio 11.0\VC\bin\CL.exe /c /ZI /nologo /W3 /WX- /Od /Oy- /D WIN32 /D _DEBUG /D _CONSOLE /D _UNICODE /D UNICODE /Gm /EHsc /RTC1 /MDd /GS /fp:precise /Zc:wchar_t /Zc:forScope /Fo"Debug\\" /Fd"Debug\vc110.pdb" /Gd /TC /analyze- /errorReport:prompt main.c problems.c
         problems.c
     1>c:\users\kimberlee phan\documents\visual studio 2012\projects\chapter2_pa\chapter2_pa\problems.c(31): warning C4996: 'scanf': This function or variable may be unsafe. Consider using scanf_s instead. To disable deprecation, use _CRT_SECURE_NO_WARNINGS. See online help for details.
                 c:\program files (x86)\microsoft visual studio 11.0\vc\include\stdio.h(290) : see declaration of 'scanf'
     1>c:\users\kimberlee phan\documents\visual studio 2012\projects\chapter2_pa\chapter2_pa\problems.c(33): warning C4996: 'scanf': This function or variable may be unsafe. Consider using scanf_s instead. To disable deprecation, use _CRT_SECURE_NO_WARNINGS. See online help for details.
                 c:\program files (x86)\microsoft visual studio 11.0\vc\include\stdio.h(290) : see declaration of 'scanf'
     1>c:\users\kimberlee phan\documents\visual studio 2012\projects\chapter2_pa\chapter2_pa\problems.c(63): warning C4996: 'scanf': This function or variable may be unsafe. Consider using scanf_s instead. To disable deprecation, use _CRT_SECURE_NO_WARNINGS. See online help for details.
                 c:\program files (x86)\microsoft visual studio 11.0\vc\include\stdio.h(290) : see declaration of 'scanf'
     1>c:\users\kimberlee phan\documents\visual studio 2012\projects\chapter2_pa\chapter2_pa\problems.c(91): warning C4996: 'scanf': This function or variable may be unsafe. Consider using scanf_s instead. To disable deprecation, use _CRT_SECURE_NO_WARNINGS. See online help for details.
                 c:\program files (x86)\microsoft visual studio 11.0\vc\include\stdio.h(290) : see declaration of 'scanf'
     1>c:\users\kimberlee phan\documents\visual studio 2012\projects\chapter2_pa\chapter2_pa\problems.c(116): warning C4996: 'scanf': This function or variable may be unsafe. Consider using scanf_s instead. To disable deprecation, use _CRT_SECURE_NO_WARNINGS. See online help for details.
                 c:\program files (x86)\microsoft visual studio 11.0\vc\include\stdio.h(290) : see declaration of 'scanf'
     1>c:\users\kimberlee phan\documents\visual studio 2012\projects\chapter2_pa\chapter2_pa\problems.c(118): warning C4996: 'scanf': This function or variable may be unsafe. Consider using scanf_s instead. To disable deprecation, use _CRT_SECURE_NO_WARNINGS. See online help for details.
                 c:\program files (x86)\microsoft visual studio 11.0\vc\include\stdio.h(290) : see declaration of 'scanf'
     1>c:\users\kimberlee phan\documents\visual studio 2012\projects\chapter2_pa\chapter2_pa\problems.c(146): warning C4996: 'scanf': This function or variable may be unsafe. Consider using scanf_s instead. To disable deprecation, use _CRT_SECURE_NO_WARNINGS. See online help for details.
                 c:\program files (x86)\microsoft visual studio 11.0\vc\include\stdio.h(290) : see declaration of 'scanf'
     1>c:\users\kimberlee phan\documents\visual studio 2012\projects\chapter2_pa\chapter2_pa\problems.c(148): warning C4996: 'scanf': This function or variable may be unsafe. Consider using scanf_s instead. To disable deprecation, use _CRT_SECURE_NO_WARNINGS. See online help for details.
                 c:\program files (x86)\microsoft visual studio 11.0\vc\include\stdio.h(290) : see declaration of 'scanf'
     1>c:\users\kimberlee phan\documents\visual studio 2012\projects\chapter2_pa\chapter2_pa\problems.c(150): warning C4996: 'scanf': This function or variable may be unsafe. Consider using scanf_s instead. To disable deprecation, use _CRT_SECURE_NO_WARNINGS. See online help for details.
                 c:\program files (x86)\microsoft visual studio 11.0\vc\include\stdio.h(290) : see declaration of 'scanf'
     1>c:\users\kimberlee phan\documents\visual studio 2012\projects\chapter2_pa\chapter2_pa\problems.c(152): warning C4996: 'scanf': This function or variable may be unsafe. Consider using scanf_s instead. To disable deprecation, use _CRT_SECURE_NO_WARNINGS. See online help for details.
                 c:\program files (x86)\microsoft visual studio 11.0\vc\include\stdio.h(290) : see declaration of 'scanf'
         main.c
         Generating Code...
       Link:
         C:\Program Files (x86)\Microsoft Visual Studio 11.0\VC\bin\link.exe /ERRORREPORT:PROMPT /OUT:"C:\Users\Kimberlee Phan\documents\visual studio 2012\Projects\Chapter2_PA\Debug\Chapter2_PA.exe" /INCREMENTAL /NOLOGO kernel32.lib user32.lib gdi32.lib winspool.lib comdlg32.lib advapi32.lib shell32.lib ole32.lib oleaut32.lib uuid.lib odbc32.lib odbccp32.lib /MANIFEST /MANIFESTUAC:"level='asInvoker' uiAccess='false'" /manifest:embed /DEBUG /PDB:"C:\Users\Kimberlee Phan\documents\visual studio 2012\Projects\Chapter2_PA\Debug\Chapter2_PA.pdb" /SUBSYSTEM:CONSOLE /TLBID:1 /DYNAMICBASE /NXCOMPAT /IMPLIB:"C:\Users\Kimberlee Phan\documents\visual studio 2012\Projects\Chapter2_PA\Debug\Chapter2_PA.lib" /MACHINE:X86 Debug\main.obj
         Debug\problems.obj
         Chapter2_PA.vcxproj -> C:\Users\Kimberlee Phan\documents\visual studio 2012\Projects\Chapter2_PA\Debug\Chapter2_PA.exe
     1>Done Building Project "C:\Users\Kimberlee Phan\documents\visual studio 2012\Projects\Chapter2_PA\Chapter2_PA\Chapter2_PA.vcxproj" (Build target(s)).

Build succeeded.

Time Elapsed 00:00:00.82
