Build started 9/23/2015 12:28:21 PM.
     1>Project "C:\Users\Kimberlee Phan\Documents\Visual Studio 2012\Projects\PA3_4th_try\PA3_4th_try\PA3_4th_try.vcxproj" on node 2 (Build target(s)).
     1>ClCompile:
         C:\Program Files (x86)\Microsoft Visual Studio 11.0\VC\bin\CL.exe /c /ZI /nologo /W3 /WX- /Od /Oy- /D WIN32 /D _DEBUG /D _CONSOLE /D _UNICODE /D UNICODE /Gm /EHsc /RTC1 /MDd /GS /fp:precise /Zc:wchar_t /Zc:forScope /Fo"Debug\\" /Fd"Debug\vc110.pdb" /Gd /TC /analyze- /errorReport:prompt records.c
         records.c
     1>c:\users\kimberlee phan\documents\visual studio 2012\projects\pa3_4th_try\pa3_4th_try\records.c(32): warning C4996: 'fopen': This function or variable may be unsafe. Consider using fopen_s instead. To disable deprecation, use _CRT_SECURE_NO_WARNINGS. See online help for details.
                 c:\program files (x86)\microsoft visual studio 11.0\vc\include\stdio.h(218) : see declaration of 'fopen'
     1>c:\users\kimberlee phan\documents\visual studio 2012\projects\pa3_4th_try\pa3_4th_try\records.c(51): warning C4996: 'fopen': This function or variable may be unsafe. Consider using fopen_s instead. To disable deprecation, use _CRT_SECURE_NO_WARNINGS. See online help for details.
                 c:\program files (x86)\microsoft visual studio 11.0\vc\include\stdio.h(218) : see declaration of 'fopen'
     1>c:\users\kimberlee phan\documents\visual studio 2012\projects\pa3_4th_try\pa3_4th_try\records.c(70): warning C4996: 'fscanf': This function or variable may be unsafe. Consider using fscanf_s instead. To disable deprecation, use _CRT_SECURE_NO_WARNINGS. See online help for details.
                 c:\program files (x86)\microsoft visual studio 11.0\vc\include\stdio.h(237) : see declaration of 'fscanf'
     1>c:\users\kimberlee phan\documents\visual studio 2012\projects\pa3_4th_try\pa3_4th_try\records.c(89): warning C4996: 'fscanf': This function or variable may be unsafe. Consider using fscanf_s instead. To disable deprecation, use _CRT_SECURE_NO_WARNINGS. See online help for details.
                 c:\program files (x86)\microsoft visual studio 11.0\vc\include\stdio.h(237) : see declaration of 'fscanf'
       Link:
         C:\Program Files (x86)\Microsoft Visual Studio 11.0\VC\bin\link.exe /ERRORREPORT:PROMPT /OUT:"C:\Users\Kimberlee Phan\Documents\Visual Studio 2012\Projects\PA3_4th_try\Debug\PA3_4th_try.exe" /INCREMENTAL /NOLOGO kernel32.lib user32.lib gdi32.lib winspool.lib comdlg32.lib advapi32.lib shell32.lib ole32.lib oleaut32.lib uuid.lib odbc32.lib odbccp32.lib /MANIFEST /MANIFESTUAC:"level='asInvoker' uiAccess='false'" /manifest:embed /DEBUG /PDB:"C:\Users\Kimberlee Phan\Documents\Visual Studio 2012\Projects\PA3_4th_try\Debug\PA3_4th_try.pdb" /SUBSYSTEM:CONSOLE /TLBID:1 /DYNAMICBASE /NXCOMPAT /IMPLIB:"C:\Users\Kimberlee Phan\Documents\Visual Studio 2012\Projects\PA3_4th_try\Debug\PA3_4th_try.lib" /MACHINE:X86 Debug\main.obj
         Debug\records.obj
         PA3_4th_try.vcxproj -> C:\Users\Kimberlee Phan\Documents\Visual Studio 2012\Projects\PA3_4th_try\Debug\PA3_4th_try.exe
     1>Done Building Project "C:\Users\Kimberlee Phan\Documents\Visual Studio 2012\Projects\PA3_4th_try\PA3_4th_try\PA3_4th_try.vcxproj" (Build target(s)).

Build succeeded.

Time Elapsed 00:00:00.60
